A = 829432
R = 0.763916
b3 0 0
b6 72 0
b8 171 0
b9 215 0
b10 259 0
b11 319 0
b14 376 0
b19 437 0
b20 454 0
b22 550 0
b23 587 0
b26 650 0
b28 0 14
b29 47 56
b33 75 56
b36 133 56
b39 197 68
b40 266 63
b43 361 89
b45 399 89
b47 482 62
b49 520 86
b50 610 86
b51 624 86
b53 0 132
b55 52 132
b57 87 91
b58 185 116
b59 283 78
b60 360 176
b61 421 104
b62 520 111
b63 587 117
b64 628 104
b67 726 0
b70 781 0
b71 0 172
b73 93 172
b75 165 172
b77 222 147
b78 281 147
b79 316 269
b80 414 269
b81 464 158
b84 530 143
b85 580 145
b86 668 145
b87 706 145
b89 0 226
b93 72 226
b95 97 219
b96 110 219
b105 161 255
b109 238 246
b110 301 320
b112 357 320
b115 381 320
b117 396 336
b118 420 336
b119 493 170
b120 0 260
b122 67 319
b123 153 319
b124 163 314
b125 184 314
b127 262 413
b128 331 413
b129 378 381
b130 388 400
b131 446 400
b132 534 171
b133 616 171
b137 0 308
b141 11 388
b142 78 388
b145 158 378
b148 199 504
b149 295 504
b152 376 466
b154 398 457
b157 464 451
b158 488 451
b159 562 257
b161 641 257
b162 0 439
b165 28 471
b167 126 471
b168 195 567
b169 260 567
b170 305 552
b172 395 537
b173 458 549
b174 493 549
b177 526 549
b179 602 310
b180 625 310
b185 0 516
b187 68 516
b189 117 537
b190 131 637
b193 230 667
b199 322 625
b200 376 627
b202 466 627
b204 546 621
b205 615 406
b209 653 386
b210 741 196
b213 0 571
b215 78 718
b216 166 718
b217 219 739
b219 275 739
b221 329 722
b222 365 722
b223 443 705
b225 535 703
b228 558 691
b230 609 691
b234 663 405
b235 0 649
b237 25 649
b240 62 794
b241 94 794
b242 135 794
b244 183 749
b250 216 817
b251 308 783
b254 347 783
b255 373 754
b258 449 736
b259 523 748
b261 0 710
b262 52 876
b264 103 873
b265 153 899
b269 251 899
b273 323 824
b275 335 850
b276 377 850
b279 457 826
b280 554 798
b281 627 742
b285 640 742
b289 0 806
b290 32 890
b294 71 895
b295 129 968
b296 215 983
b298 288 983