A = 1074026
R = 0.966793
b0 738 138
b1 53 179
b2 90 1017 R
b3 576 534
b4 260 736 R
b5 643 610
b6 0 0 R
b7 326 564
b8 592 57 R
b9 599 610
b10 558 264 R
b11 799 482
b12 319 187
b13 864 817
b14 450 806
b15 132 296
b16 53 456 R
b17 563 969
b18 104 594
b19 77 456
b20 606 0
b21 153 358
b22 820 97 R
b23 511 399
b24 960 865
b25 279 302
b26 51 760 R
b27 836 563
b28 606 953
b29 85 968
b30 522 792
b31 872 97
b32 582 0
b33 383 826
b34 544 648
b35 936 565
b36 882 991 R
b37 918 308
b38 346 94 R
b39 272 588
b40 516 459
b41 368 441
b42 155 0
b43 378 0
b44 346 0 R
b45 0 760
b46 467 566 R
b47 271 441
b48 68 179 R
b49 594 116
b50 57 126
b51 606 489
b52 608 632 R
b53 606 701
b54 0 518 R
b55 88 897
b56 525 615
b57 0 659
b58 828 482
b59 277 821
b60 701 264 R
b61 560 693
b62 407 399
b63 198 555
b64 341 585 R
b65 724 71
b66 563 449
b67 49 387
b68 192 863
b69 385 566
b70 724 138
b71 817 642
b72 941 634
b73 514 449
b74 566 56
b75 174 261
b76 272 148
b77 318 736
b78 631 799 R
b79 785 576
b80 65 932 R
b81 799 17
b82 189 373 R
b83 447 662
b84 639 916
b85 367 538
b86 655 916 R
b87 668 489
b88 692 0 R
b89 742 853
b90 0 387
b91 392 965
b92 821 685
b93 99 711
b94 420 235
b95 893 529
b96 851 372 R
b97 363 0
b98 278 530
b99 305 938
b100 399 921 R
b101 924 816
b102 774 1005 R
b103 191 111
b104 744 642 R
b105 228 590
b106 244 33 R
b107 769 0
b108 567 903 R
b109 134 210
b110 373 187 R
b111 265 821
b112 154 862
b113 603 289
b114 589 467
b115 676 1005
b116 894 259 R
b117 781 207
b118 257 959
b119 451 187
b120 0 266 R
b121 237 878
b122 640 725 R
b123 927 195
b124 764 184
b125 566 863
b126 921 0 R
b127 0 1012
b128 714 621
b129 237 514
b130 457 712
b131 413 826
b132 266 124
b133 764 429
b134 563 467 R
b135 551 661
b136 234 663 R
b137 227 492
b138 337 887 R
b139 332 672
b140 651 863
b141 690 489
b142 418 399 R
b143 806 853
b144 872 333 R
b145 939 413
b146 474 306
b147 520 174
b148 823 350 R
b149 436 792
b150 255 385
b151 258 910
b152 744 482 R
b153 234 239
b154 410 235
b155 77 588
b156 918 638 R
b157 736 757
b158 0 1043 R
b159 306 40
b160 551 56
b161 795 235
b162 590 661 R
b163 688 924
b164 0 603
b165 880 676
b166 0 920
b167 350 302
b168 0 113 R
b169 527 459
b170 164 980
b171 778 409
b172 158 968 R
b173 443 511
b174 665 71
b175 471 577
b176 845 333 R
b177 320 806
b178 528 399 R
b179 14 451
b180 0 715 R
b181 492 822
b182 221 821
b183 136 126
b184 145 907 R
b185 917 565
b186 0 65
b187 948 27
b188 87 91 R
b189 61 920
b190 196 736 R
b191 676 224
b192 980 962 R
b193 430 662
b194 528 861
b195 547 615
b196 398 446 R
b197 635 432
b198 401 49 R
b199 176 402
b200 828 0
b201 323 959
b202 948 865
b203 450 273
b204 223 937
b205 503 566
b206 326 910 R
b207 511 118
b208 213 176 R
b209 292 736
b210 187 492 R
b211 496 49
b212 640 541 R
b213 604 341
b214 538 0
b215 772 941
b216 498 615
b217 290 33
b218 514 306
b219 197 297
b220 95 836
b221 609 264
b222 701 610
b223 0 897
b224 902 565
b225 854 0
b226 0 451 R
b227 416 87
b228 489 922
b229 724 429
b230 738 264 R
b231 868 449
b232 249 0 R
b233 753 538
b234 433 399 R
b235 200 910
b236 126 515
b237 334 235
b238 855 583 R
b239 181 980
b240 75 210 R
b241 384 734
b242 401 578 R
b243 777 322
b244 689 338 R
b245 834 724
b246 385 333 R
b247 61 387
b248 579 224
b249 850 235
b250 675 541
b251 446 448
b252 46 315 R
b253 869 894
b254 50 91 R
b255 767 280
b256 215 111 R
b257 624 632
b258 151 141 R
b259 447 0
b260 533 56 R
b261 675 298
b262 323 478 R
b263 957 962
b264 459 0 R
b265 779 853
b266 488 969 R
b267 71 662
b268 907 372
b269 629 169
b270 481 577
b271 335 826
b272 80 0
b273 434 879
b274 725 708 R
b275 317 399
b276 0 809 R
b277 380 806
b278 663 799
b279 835 110
b280 644 628
b281 188 665
b282 794 1005 R
b283 63 515
b284 566 775 R
b285 160 16
b286 244 176
b287 118 296
b288 0 315 R
b289 212 237
b290 0 167 R
b291 875 195
b292 138 739
b293 902 97
b294 897 728 R
b295 143 648
b296 117 387 R
b297 169 836
b298 372 302
b299 547 247